
> node-ci@1.0.0 start C:\Users\user\Desktop\Node-CI
> node server


> node-ci@1.0.0 start C:\Users\user\Desktop\Node-CI
> node server

events.js:292
      throw er; // Unhandled 'error' event
      ^

Error: listen EADDRINUSE: address already in use :::3000
    at Server.setupListenHandle [as _listen2] (net.js:1313:16)
    at listenInCluster (net.js:1361:12)
    at Server.listen (net.js:1447:7)
    at Function.listen (C:\Users\user\Desktop\Node-CI\node_modules\express\lib\application.js:618:24)
    at Object.<anonymous> (C:\Users\user\Desktop\Node-CI\server.js:11:5)
    at Module._compile (internal/modules/cjs/loader.js:1138:30)
    at Object.Module._extensions..js (internal/modules/cjs/loader.js:1158:10)
    at Module.load (internal/modules/cjs/loader.js:986:32)
    at Function.Module._load (internal/modules/cjs/loader.js:879:14)
    at Function.executeUserEntryPoint [as runMain] (internal/modules/run_main.js:71:12)
Emitted 'error' event on Server instance at:
    at emitErrorNT (net.js:1340:8)
    at processTicksAndRejections (internal/process/task_queues.js:84:21) {
  code: 'EADDRINUSE',
  errno: 'EADDRINUSE',
  syscall: 'listen',
  address: '::',
  port: 3000
}
npm ERR! code ELIFECYCLE
npm ERR! errno 1
npm ERR! node-ci@1.0.0 start: `node server`
npm ERR! Exit status 1
npm ERR! 
npm ERR! Failed at the node-ci@1.0.0 start script.
npm ERR! This is probably not a problem with npm. There is likely additional logging output above.

npm ERR! A complete log of this run can be found in:
npm ERR!     C:\Users\user\AppData\Roaming\npm-cache\_logs\2020-08-03T20_59_01_817Z-debug.log
